[2026-04-19T19:59:13.785Z] GET https://developers.figma.com/docs/code-connect/quickstart-guide/ → pending (?ms, ?B)
[2026-04-19T19:59:14.578Z] GET https://developers.figma.com/assets/css/styles.4f1578d2.css → 200 (87ms, 462312B)
[2026-04-19T19:59:14.578Z] GET https://developers.figma.com/assets/js/runtime~main.fcbe0ea7.js → pending (?ms, ?B)
[2026-04-19T19:59:14.578Z] GET https://developers.figma.com/assets/js/main.77d4d9ba.js → pending (?ms, ?B)
[2026-04-19T19:59:14.853Z] GET https://developers.figma.com/assets/images/code-connect-code-snippet-3fc471f3bd6dc2872814f290705f0356.png → pending (?ms, ?B)
[2026-04-19T19:59:14.915Z] GET https://static.figma.com/webfont/1/Figma-Standard-Text-Regular.woff2 → 200 (109ms, 36348B)
[2026-04-19T19:59:14.916Z] GET https://static.figma.com/webfont/1/Figma-Standard-Text-Bold.woff2 → 200 (88ms, 35256B)
[2026-04-19T19:59:14.916Z] GET https://static.figma.com/webfont/1/Figma-Standard-Text-Medium.woff2 → 200 (115ms, 35472B)
[2026-04-19T19:59:16.123Z] GET https://cdn.sprig.com/shim.js?id=YWwyCyGyqg → 200 (67ms, 93096B)
[2026-04-19T19:59:16.123Z] GET https://developers.figma.com/assets/js/5e95c892.913b7b8e.js → 200 (80ms, 378B)
[2026-04-19T19:59:16.123Z] GET https://developers.figma.com/assets/js/fbcd28be.4d2aea8b.js → 200 (278ms, 226B)
[2026-04-19T19:59:16.123Z] GET https://developers.figma.com/assets/js/a7bd4aaa.46f710ed.js → 200 (81ms, 732B)
[2026-04-19T19:59:16.123Z] GET https://developers.figma.com/assets/js/23980ce4.66e7738c.js → 200 (81ms, 8211B)
[2026-04-19T19:59:16.124Z] GET https://developers.figma.com/assets/js/a94703ab.9f020c9f.js → pending (?ms, ?B)
[2026-04-19T19:59:16.124Z] GET https://developers.figma.com/assets/js/49227.25aed952.js → pending (?ms, ?B)
[2026-04-19T19:59:16.125Z] GET https://developers.figma.com/assets/js/17896441.cef22b97.js → 200 (81ms, 14656B)
[2026-04-19T19:59:16.125Z] GET https://developers.figma.com/assets/js/c4454349.a9da31a2.js → 200 (86ms, 19356B)
[2026-04-19T19:59:16.807Z] GET https://api.sprig.com/sdk/1/environments/YWwyCyGyqg/config → pending (?ms, ?B)
[2026-04-19T19:59:16.843Z] POST https://www.figma.com/api/figment-proxy/put → 200 (609ms, ?B)
[2026-04-19T19:59:16.885Z] GET https://developers.figma.com/assets/js/5e95c892.913b7b8e.js → 200 (5ms, 378B)
[2026-04-19T19:59:16.885Z] GET https://developers.figma.com/assets/js/fbcd28be.4d2aea8b.js → 200 (5ms, 226B)
[2026-04-19T19:59:16.885Z] GET https://developers.figma.com/assets/js/a7bd4aaa.46f710ed.js → 200 (6ms, 732B)
[2026-04-19T19:59:16.885Z] GET https://developers.figma.com/assets/js/23980ce4.66e7738c.js → 200 (6ms, 8211B)
[2026-04-19T19:59:16.885Z] GET https://developers.figma.com/assets/js/a94703ab.9f020c9f.js → 200 (6ms, 11905B)
[2026-04-19T19:59:16.885Z] GET https://developers.figma.com/assets/js/17896441.cef22b97.js → 200 (6ms, 14656B)
[2026-04-19T19:59:16.885Z] GET https://developers.figma.com/assets/js/13cb4fc8.c54a8b6a.js → 200 (208ms, 7340B)
[2026-04-19T19:59:16.885Z] GET https://developers.figma.com/assets/js/334add35.d16ec0bc.js → 200 (119ms, 30095B)
[2026-04-19T19:59:16.885Z] GET https://developers.figma.com/assets/js/518fd2a1.3cb98134.js → 200 (113ms, 6975B)
[2026-04-19T19:59:16.886Z] GET https://developers.figma.com/assets/js/816663dd.a79743e2.js → 200 (570ms, 11362B)
[2026-04-19T19:59:16.886Z] GET https://developers.figma.com/assets/js/a7456010.7795eec0.js → 200 (118ms, 208B)
[2026-04-19T19:59:16.886Z] GET https://developers.figma.com/assets/js/c4454349.a9da31a2.js → 200 (5ms, 19356B)
[2026-04-19T19:59:16.886Z] GET https://developers.figma.com/assets/js/bb896ad0.79b79454.js → 200 (121ms, 17050B)
[2026-04-19T19:59:16.886Z] GET https://developers.figma.com/assets/js/156b232f.13639ee6.js → 200 (139ms, 13136B)
[2026-04-19T19:59:16.886Z] GET https://developers.figma.com/assets/js/1df93b7f.3a897d24.js → 200 (139ms, 72716B)
[2026-04-19T19:59:16.886Z] GET https://developers.figma.com/assets/js/04e8bd60.fc4f57c5.js → 200 (283ms, 30624B)
[2026-04-19T19:59:16.886Z] GET https://developers.figma.com/assets/js/7747b91f.efeebc98.js → 200 (389ms, 19116B)
[2026-04-19T19:59:16.886Z] GET https://developers.figma.com/assets/js/528c0f96.36db9044.js → pending (?ms, ?B)
[2026-04-19T19:59:16.886Z] GET https://developers.figma.com/assets/js/5d4e2826.81c48819.js → 200 (295ms, 6289B)
[2026-04-19T19:59:16.886Z] GET https://developers.figma.com/assets/js/ed400d99.f344e291.js → pending (?ms, ?B)
[2026-04-19T19:59:17.828Z] POST https://api.sprig.com/sdk/1/visitors/a950053b-3f32-4cd4-84d6-e921c5a66df5/events → 200 (672ms, ?B)
[2026-04-19T19:59:23.517Z] GET https://cdn.sprig.com/sprig-web-view-sdk-v2.43.0.js?t=1776628763515 → 200 (67ms, 364B)
[2026-04-19T19:59:23.591Z] GET https://cdn.sprig.com/dependencies/index-DZhnjzQs-2.43.0.js → 200 (33ms, 156611B)
[2026-04-19T19:59:23.634Z] GET https://fonts.googleapis.com/css2?family=Inter:wght@400;500&display=swap → 200 (284ms, 5014B)
[2026-04-19T19:59:23.634Z] GET https://cdn.sprig.com/dependencies/tui-2.43.0.js → 200 (112ms, 94940B)
[2026-04-19T19:59:23.641Z] POST https://api.sprig.com/sdk/1/visitors/a950053b-3f32-4cd4-84d6-e921c5a66df5/surveys/335957/history → 204 (400ms, ?B)
[2026-04-19T19:59:23.746Z] GET https://cdn.sprig.com/dependencies/videoPlayer-BV_qt3AP-2.43.0.js → 200 (24ms, 59981B)
[2026-04-19T19:59:23.924Z] GET https://fonts.gstatic.com/s/inter/v20/UcC73FwrK3iLTeHuS_nVMrMxCp50SjIa1ZL7W0Q5nw.woff2 → 200 (344ms, 48432B)
[2026-04-19T19:59:23.924Z] GET https://fonts.gstatic.com/s/inter/v20/UcC73FwrK3iLTeHuS_nVMrMxCp50SjIa1ZL7W0Q5nw.woff2 → 200 (344ms, 48432B)
[2026-04-19T19:59:41.692Z] GET https://developers.figma.com/assets/js/5e95c892.913b7b8e.js → 200 (1ms, 378B)
[2026-04-19T19:59:41.692Z] GET https://developers.figma.com/assets/js/fbcd28be.4d2aea8b.js → 200 (1ms, 226B)
[2026-04-19T19:59:41.692Z] GET https://developers.figma.com/assets/js/a7bd4aaa.46f710ed.js → 200 (2ms, 732B)
[2026-04-19T19:59:41.692Z] GET https://developers.figma.com/assets/js/23980ce4.66e7738c.js → 200 (2ms, 8211B)
[2026-04-19T19:59:41.692Z] GET https://developers.figma.com/assets/js/a94703ab.9f020c9f.js → 200 (2ms, 11905B)
[2026-04-19T19:59:41.692Z] GET https://developers.figma.com/assets/js/17896441.cef22b97.js → 200 (2ms, 14656B)
[2026-04-19T19:59:41.692Z] GET https://developers.figma.com/assets/js/13cb4fc8.c54a8b6a.js → 200 (2ms, 7340B)
[2026-04-19T19:59:41.693Z] GET https://developers.figma.com/assets/js/95ff11d4.42a0ce0b.js → 200 (545ms, 10972B)
[2026-04-19T19:59:52.738Z] GET https://developers.figma.com/assets/js/5e95c892.913b7b8e.js → 200 (2ms, 378B)
[2026-04-19T19:59:52.738Z] GET https://developers.figma.com/assets/js/fbcd28be.4d2aea8b.js → 200 (3ms, 226B)
[2026-04-19T19:59:52.738Z] GET https://developers.figma.com/assets/js/a7bd4aaa.46f710ed.js → 200 (4ms, 732B)
[2026-04-19T19:59:52.738Z] GET https://developers.figma.com/assets/js/23980ce4.66e7738c.js → 200 (4ms, 8211B)
[2026-04-19T19:59:52.738Z] GET https://developers.figma.com/assets/js/a94703ab.9f020c9f.js → 200 (4ms, 11905B)
[2026-04-19T19:59:52.738Z] GET https://developers.figma.com/assets/js/17896441.cef22b97.js → 200 (4ms, 14656B)
[2026-04-19T19:59:52.740Z] GET https://developers.figma.com/assets/js/13cb4fc8.c54a8b6a.js → 200 (3ms, 7340B)
[2026-04-19T19:59:52.740Z] GET https://developers.figma.com/assets/js/98d92a70.6cc06e18.js → 200 (532ms, 7977B)
[2026-04-19T20:28:47.814Z] GET https://developers.figma.com/docs/code-connect/template-files/ → 200 (977ms, ?B)
[2026-04-19T20:28:48.878Z] GET https://developers.figma.com/assets/css/styles.4f1578d2.css → 200 (?ms, 462312B)
[2026-04-19T20:28:48.879Z] GET https://developers.figma.com/assets/js/runtime~main.fcbe0ea7.js → 200 (?ms, 55046B)
[2026-04-19T20:28:48.879Z] GET https://developers.figma.com/assets/js/main.77d4d9ba.js → 200 (?ms, 1046121B)
[2026-04-19T20:28:48.914Z] GET https://static.figma.com/webfont/1/Figma-Standard-Text-Regular.woff2 → 200 (1ms, ?B)
[2026-04-19T20:28:48.915Z] GET https://static.figma.com/webfont/1/Figma-Standard-Text-Medium.woff2 → 200 (?ms, ?B)
[2026-04-19T20:28:48.915Z] GET https://static.figma.com/webfont/1/Figma-Standard-Text-Bold.woff2 → 200 (?ms, ?B)
[2026-04-19T20:28:49.042Z] GET https://cdn.sprig.com/shim.js?id=YWwyCyGyqg → 200 (?ms, 93096B)
[2026-04-19T20:28:49.043Z] GET https://developers.figma.com/assets/js/5e95c892.913b7b8e.js → 200 (5ms, 378B)
[2026-04-19T20:28:49.043Z] GET https://developers.figma.com/assets/js/fbcd28be.4d2aea8b.js → 200 (5ms, 226B)
[2026-04-19T20:28:49.043Z] GET https://developers.figma.com/assets/js/a7bd4aaa.46f710ed.js → 200 (5ms, 732B)
[2026-04-19T20:28:49.043Z] GET https://developers.figma.com/assets/js/23980ce4.66e7738c.js → 200 (5ms, 8211B)
[2026-04-19T20:28:49.043Z] GET https://developers.figma.com/assets/js/a94703ab.9f020c9f.js → 200 (6ms, 11905B)
[2026-04-19T20:28:49.043Z] GET https://developers.figma.com/assets/js/49227.25aed952.js → 200 (1ms, 24625B)
[2026-04-19T20:28:49.044Z] GET https://developers.figma.com/assets/js/17896441.cef22b97.js → 200 (5ms, 14656B)
[2026-04-19T20:28:49.044Z] GET https://developers.figma.com/assets/js/bb896ad0.79b79454.js → 200 (5ms, 17050B)
[2026-04-19T20:28:49.085Z] POST https://www.figma.com/api/figment-proxy/put → 200 (543ms, 108B)
[2026-04-19T20:28:49.116Z] GET https://developers.figma.com/assets/js/5e95c892.913b7b8e.js → 200 (5ms, 378B)
[2026-04-19T20:28:49.116Z] GET https://developers.figma.com/assets/js/fbcd28be.4d2aea8b.js → 200 (6ms, 226B)
[2026-04-19T20:28:49.116Z] GET https://developers.figma.com/assets/js/a7bd4aaa.46f710ed.js → 200 (6ms, 732B)
[2026-04-19T20:28:49.116Z] GET https://developers.figma.com/assets/js/23980ce4.66e7738c.js → 200 (6ms, 8211B)
[2026-04-19T20:28:49.116Z] GET https://developers.figma.com/assets/js/a94703ab.9f020c9f.js → 200 (6ms, 11905B)
[2026-04-19T20:28:49.116Z] GET https://developers.figma.com/assets/js/17896441.cef22b97.js → 200 (6ms, 14656B)
[2026-04-19T20:28:49.116Z] GET https://developers.figma.com/assets/js/13cb4fc8.c54a8b6a.js → 200 (6ms, 7340B)
[2026-04-19T20:28:49.116Z] GET https://developers.figma.com/assets/js/518fd2a1.3cb98134.js → 200 (7ms, 6975B)
[2026-04-19T20:28:49.116Z] GET https://developers.figma.com/assets/js/7747b91f.efeebc98.js → 200 (7ms, 19116B)
[2026-04-19T20:28:49.116Z] GET https://developers.figma.com/assets/js/04e8bd60.fc4f57c5.js → 200 (7ms, 30624B)
[2026-04-19T20:28:49.116Z] GET https://developers.figma.com/assets/js/1df93b7f.3a897d24.js → 200 (7ms, 72716B)
[2026-04-19T20:28:49.116Z] GET https://developers.figma.com/assets/js/a7456010.7795eec0.js → 200 (7ms, 208B)
[2026-04-19T20:28:49.116Z] GET https://developers.figma.com/assets/js/5d4e2826.81c48819.js → 200 (7ms, 6289B)
[2026-04-19T20:28:49.116Z] GET https://developers.figma.com/assets/js/bb896ad0.79b79454.js → 200 (7ms, 17050B)
[2026-04-19T20:28:49.116Z] GET https://developers.figma.com/assets/js/c4454349.a9da31a2.js → 200 (7ms, 19356B)
[2026-04-19T20:28:49.116Z] GET https://developers.figma.com/assets/js/816663dd.a79743e2.js → 200 (7ms, 11362B)
[2026-04-19T20:28:49.117Z] GET https://developers.figma.com/assets/js/156b232f.13639ee6.js → 200 (7ms, 13136B)
[2026-04-19T20:28:49.117Z] GET https://developers.figma.com/assets/js/98d92a70.6cc06e18.js → 200 (7ms, 7977B)
[2026-04-19T20:28:49.117Z] GET https://developers.figma.com/assets/js/528c0f96.36db9044.js → 200 (7ms, 13662B)
[2026-04-19T20:28:49.117Z] GET https://developers.figma.com/assets/js/334add35.d16ec0bc.js → 200 (8ms, 30095B)
[2026-04-19T20:28:49.117Z] GET https://developers.figma.com/assets/js/95ff11d4.42a0ce0b.js → 200 (8ms, 10972B)
[2026-04-19T20:28:49.117Z] GET https://developers.figma.com/assets/js/ed400d99.f344e291.js → 200 (8ms, 48259B)
[2026-04-19T20:28:49.127Z] GET https://api.sprig.com/sdk/1/environments/YWwyCyGyqg/config → pending (?ms, ?B)
[2026-04-19T20:28:50.102Z] POST https://api.sprig.com/sdk/1/visitors/a950053b-3f32-4cd4-84d6-e921c5a66df5/events → pending (?ms, ?B)
[2026-04-19T20:28:59.731Z] GET https://developers.figma.com/docs/code-connect/template-api/ → pending (?ms, ?B)
[2026-04-19T20:29:00.245Z] GET https://developers.figma.com/assets/css/styles.4f1578d2.css → 200 (?ms, 462312B)
[2026-04-19T20:29:00.245Z] GET https://developers.figma.com/assets/js/runtime~main.fcbe0ea7.js → 200 (1ms, 55046B)
[2026-04-19T20:29:00.246Z] GET https://developers.figma.com/assets/js/main.77d4d9ba.js → 200 (?ms, 1046121B)
[2026-04-19T20:29:00.303Z] GET https://static.figma.com/webfont/1/Figma-Standard-Text-Regular.woff2 → 200 (1ms, ?B)
[2026-04-19T20:29:00.304Z] GET https://static.figma.com/webfont/1/Figma-Standard-Text-Medium.woff2 → 200 (?ms, ?B)
[2026-04-19T20:29:00.304Z] GET https://static.figma.com/webfont/1/Figma-Standard-Text-Bold.woff2 → 200 (?ms, ?B)
[2026-04-19T20:29:00.346Z] GET https://cdn.sprig.com/shim.js?id=YWwyCyGyqg → 200 (?ms, 93096B)
[2026-04-19T20:29:00.346Z] GET https://developers.figma.com/assets/js/5e95c892.913b7b8e.js → 200 (3ms, 378B)
[2026-04-19T20:29:00.346Z] GET https://developers.figma.com/assets/js/fbcd28be.4d2aea8b.js → 200 (4ms, 226B)
[2026-04-19T20:29:00.346Z] GET https://developers.figma.com/assets/js/a7bd4aaa.46f710ed.js → 200 (4ms, 732B)
[2026-04-19T20:29:00.346Z] GET https://developers.figma.com/assets/js/23980ce4.66e7738c.js → 200 (4ms, 8211B)
[2026-04-19T20:29:00.346Z] GET https://developers.figma.com/assets/js/a94703ab.9f020c9f.js → 200 (4ms, 11905B)
[2026-04-19T20:29:00.346Z] GET https://developers.figma.com/assets/js/49227.25aed952.js → 200 (?ms, 24625B)
[2026-04-19T20:29:00.346Z] GET https://developers.figma.com/assets/js/17896441.cef22b97.js → 200 (4ms, 14656B)
[2026-04-19T20:29:00.347Z] GET https://developers.figma.com/assets/js/ed400d99.f344e291.js → 200 (4ms, 48259B)
[2026-04-19T20:29:00.374Z] POST https://www.figma.com/api/figment-proxy/put → pending (?ms, ?B)
[2026-04-19T20:29:00.434Z] GET https://developers.figma.com/assets/js/5e95c892.913b7b8e.js → 200 (4ms, 378B)
[2026-04-19T20:29:00.434Z] GET https://developers.figma.com/assets/js/fbcd28be.4d2aea8b.js → 200 (4ms, 226B)
[2026-04-19T20:29:00.434Z] GET https://developers.figma.com/assets/js/a7bd4aaa.46f710ed.js → 200 (4ms, 732B)
[2026-04-19T20:29:00.434Z] GET https://developers.figma.com/assets/js/23980ce4.66e7738c.js → 200 (4ms, 8211B)
[2026-04-19T20:29:00.434Z] GET https://developers.figma.com/assets/js/a94703ab.9f020c9f.js → 200 (4ms, 11905B)
[2026-04-19T20:29:00.435Z] GET https://developers.figma.com/assets/js/17896441.cef22b97.js → 200 (4ms, 14656B)
[2026-04-19T20:29:00.435Z] GET https://developers.figma.com/assets/js/13cb4fc8.c54a8b6a.js → 200 (4ms, 7340B)
[2026-04-19T20:29:00.435Z] GET https://developers.figma.com/assets/js/7747b91f.efeebc98.js → 200 (4ms, 19116B)
[2026-04-19T20:29:00.435Z] GET https://developers.figma.com/assets/js/1df93b7f.3a897d24.js → 200 (4ms, 72716B)
[2026-04-19T20:29:00.435Z] GET https://developers.figma.com/assets/js/a7456010.7795eec0.js → 200 (4ms, 208B)
[2026-04-19T20:29:00.435Z] GET https://developers.figma.com/assets/js/518fd2a1.3cb98134.js → 200 (4ms, 6975B)
[2026-04-19T20:29:00.435Z] GET https://developers.figma.com/assets/js/ed400d99.f344e291.js → 200 (5ms, 48259B)
[2026-04-19T20:29:00.435Z] GET https://developers.figma.com/assets/js/156b232f.13639ee6.js → 200 (5ms, 13136B)
[2026-04-19T20:29:00.435Z] GET https://developers.figma.com/assets/js/98d92a70.6cc06e18.js → 200 (5ms, 7977B)
[2026-04-19T20:29:00.435Z] GET https://developers.figma.com/assets/js/04e8bd60.fc4f57c5.js → 200 (5ms, 30624B)
[2026-04-19T20:29:00.435Z] GET https://developers.figma.com/assets/js/95ff11d4.42a0ce0b.js → 200 (5ms, 10972B)
[2026-04-19T20:29:00.435Z] GET https://developers.figma.com/assets/js/bb896ad0.79b79454.js → 200 (5ms, 17050B)
[2026-04-19T20:29:00.436Z] GET https://developers.figma.com/assets/js/c4454349.a9da31a2.js → 200 (5ms, 19356B)
[2026-04-19T20:29:00.437Z] GET https://developers.figma.com/assets/js/334add35.d16ec0bc.js → 200 (4ms, 30095B)
[2026-04-19T20:29:00.437Z] GET https://developers.figma.com/assets/js/5d4e2826.81c48819.js → 200 (4ms, 6289B)
[2026-04-19T20:29:00.437Z] GET https://developers.figma.com/assets/js/816663dd.a79743e2.js → 200 (4ms, 11362B)
[2026-04-19T20:29:00.438Z] GET https://developers.figma.com/assets/js/528c0f96.36db9044.js → 200 (4ms, 13662B)
[2026-04-19T20:29:00.442Z] GET https://api.sprig.com/sdk/1/environments/YWwyCyGyqg/config → pending (?ms, ?B)
[2026-04-19T20:29:02.644Z] POST https://api.sprig.com/sdk/1/visitors/a950053b-3f32-4cd4-84d6-e921c5a66df5/events → pending (?ms, ?B)
